[INFO ] 2023-06-05 12:52:16.178 [main] BaseClass - Application Opened.
[INFO ] 2023-06-05 12:52:17.269 [main] BaseClass - Email_id is entered.
[INFO ] 2023-06-05 12:52:18.393 [main] BaseClass - Password is entered.
[INFO ] 2023-06-05 12:52:33.050 [main] BaseClass - Product name entered.
[INFO ] 2023-06-05 12:52:37.571 [main] BaseClass - Price entered
[INFO ] 2023-06-05 12:52:51.746 [main] BaseClass - Verification of Submit quotation Successed..
[INFO ] 2023-06-05 12:52:56.742 [main] BaseClass - Email_id is entered.
[INFO ] 2023-06-05 12:52:56.821 [main] BaseClass - Password is entered.
[INFO ] 2023-06-05 12:53:19.782 [main] BaseClass - Verification of accepting quotation is Successed.
[INFO ] 2023-06-05 12:53:29.837 [main] BaseClass - client logged in Successfully.
[INFO ] 2023-06-05 12:53:31.801 [main] BaseClass - Product name is entered.
[INFO ] 2023-06-05 12:53:37.209 [main] BaseClass - Processing filter selected.
[INFO ] 2023-06-05 12:53:37.275 [main] BaseClass - Clicked on first div.
[INFO ] 2023-06-05 12:53:43.417 [main] BaseClass - Clicked on Open dispute button.
[INFO ] 2023-06-05 12:53:43.591 [main] BaseClass - Customer got wrong product option selected.
[INFO ] 2023-06-05 12:53:43.780 [main] BaseClass - I want the order to be shipped immediately option is selected.
[INFO ] 2023-06-05 12:53:47.073 [main] BaseClass - Queries entered in text fields.
[INFO ] 2023-06-05 12:53:52.174 [main] BaseClass - Clicked on Saved dispute.
[INFO ] 2023-06-05 12:53:52.486 [main] BaseClass - Verification of Dispute raised Successfully.
[INFO ] 2023-06-05 12:53:58.385 [main] BaseClass - Agent logged in Successfully.
[INFO ] 2023-06-05 12:54:05.111 [main] BaseClass - Open disputes page.
[INFO ] 2023-06-05 12:54:11.358 [main] BaseClass - Clicked on show disputes.
[INFO ] 2023-06-05 12:54:14.475 [main] BaseClass - Dispute Declined Status selected from dropdown.
[INFO ] 2023-06-05 12:54:21.684 [main] BaseClass - Dispute send.
[INFO ] 2023-06-05 12:54:26.955 [main] BaseClass - Verification of Dispute rejection is successed.
[INFO ] 2023-06-05 12:54:31.991 [main] BaseClass - Agent logged in Successfully.
[INFO ] 2023-06-05 12:54:37.061 [main] BaseClass - Clicked on orders tab.
[INFO ] 2023-06-05 12:54:51.456 [main] BaseClass - Processing filter selected.
[INFO ] 2023-06-05 12:54:54.656 [main] BaseClass - Clicked on cancel order.
[INFO ] 2023-06-05 12:54:58.755 [main] BaseClass - Clicked on first checkbox.
[INFO ] 2023-06-05 12:55:01.850 [main] BaseClass - Clicked on Submit order.
[INFO ] 2023-06-05 12:55:16.190 [main] BaseClass - client logged in Successfully.
[INFO ] 2023-06-05 12:55:19.006 [main] BaseClass - Product name is entered.
[INFO ] 2023-06-05 12:55:24.286 [main] BaseClass - Processing filter selected.
[INFO ] 2023-06-05 12:55:24.372 [main] BaseClass - Clicked on first div.
[INFO ] 2023-06-05 12:55:30.497 [main] BaseClass - Clicked on Open dispute button.
[INFO ] 2023-06-05 12:55:30.641 [main] BaseClass - Customer got wrong product option selected.
[INFO ] 2023-06-05 12:55:30.814 [main] BaseClass - I want the order to be shipped immediately option is selected.
[INFO ] 2023-06-05 12:55:34.049 [main] BaseClass - Queries entered in text fields.
[INFO ] 2023-06-05 12:55:39.148 [main] BaseClass - Clicked on Saved dispute.
[INFO ] 2023-06-05 12:55:39.470 [main] BaseClass - Verification of Dispute raised Successfully.
[INFO ] 2023-06-05 12:55:43.695 [main] BaseClass - Agent logged in Successfully.
[INFO ] 2023-06-05 12:55:47.560 [main] BaseClass - Open disputes page.
[INFO ] 2023-06-05 12:55:53.813 [main] BaseClass - Clicked on show disputes.
[INFO ] 2023-06-05 12:55:56.950 [main] BaseClass - Dispute Accepted.
[INFO ] 2023-06-05 12:56:04.155 [main] BaseClass - Dispute send.
[INFO ] 2023-06-05 12:56:12.378 [main] BaseClass - Verification of Dispute acceptance is successfull.
[INFO ] 2023-06-06 12:58:52.612 [main] BaseClass - Application Opened.
[INFO ] 2023-06-06 12:58:53.807 [main] BaseClass - Email_id is entered.
[INFO ] 2023-06-06 12:58:54.912 [main] BaseClass - Password is entered.
[INFO ] 2023-06-06 12:59:08.818 [main] BaseClass - Product name entered.
[INFO ] 2023-06-06 12:59:13.323 [main] BaseClass - Price entered
[INFO ] 2023-06-06 12:59:27.591 [main] BaseClass - Verification of Submit quotation Successed..
[INFO ] 2023-06-06 12:59:29.795 [main] BaseClass - Email_id is entered.
[INFO ] 2023-06-06 12:59:29.891 [main] BaseClass - Password is entered.
[INFO ] 2023-06-06 12:59:53.693 [main] BaseClass - Verification of accepting quotation is Successed.
[INFO ] 2023-06-06 13:00:01.574 [main] BaseClass - client logged in Successfully.
[INFO ] 2023-06-06 13:00:04.805 [main] BaseClass - Product name is entered.
[INFO ] 2023-06-06 13:00:10.109 [main] BaseClass - Processing filter selected.
[INFO ] 2023-06-06 13:00:10.220 [main] BaseClass - Clicked on first div.
[INFO ] 2023-06-06 13:00:16.378 [main] BaseClass - Clicked on Open dispute button.
[INFO ] 2023-06-06 13:00:16.556 [main] BaseClass - Customer got wrong product option selected.
[INFO ] 2023-06-06 13:00:16.794 [main] BaseClass - I want the order to be shipped immediately option is selected.
[INFO ] 2023-06-06 13:00:20.187 [main] BaseClass - Queries entered in text fields.
[INFO ] 2023-06-06 13:00:25.309 [main] BaseClass - Clicked on Saved dispute.
[INFO ] 2023-06-06 13:00:25.691 [main] BaseClass - Verification of Dispute raised Successfully.
[INFO ] 2023-06-06 13:00:27.924 [main] BaseClass - Email_id is entered.
[INFO ] 2023-06-06 13:00:29.056 [main] BaseClass - Password is entered.
[INFO ] 2023-06-06 13:00:45.615 [main] BaseClass - Requoted the quotation
[INFO ] 2023-06-06 13:00:53.905 [main] BaseClass - Verification of Client side Requote is Successed.
[INFO ] 2023-06-06 13:01:15.043 [main] BaseClass - Admin logged in successfully.
[INFO ] 2023-06-06 13:01:16.490 [main] BaseClass - Accounts page opened.
[INFO ] 2023-06-06 13:01:19.597 [main] BaseClass - Entered Client name in search field.
[INFO ] 2023-06-06 13:01:24.778 [main] BaseClass - Teamleader logged in successfully.
[INFO ] 2023-06-06 13:14:16.971 [main] BaseClass - Admin logged in successfully.
[INFO ] 2023-06-06 13:14:18.285 [main] BaseClass - Accounts page opened.
[INFO ] 2023-06-06 13:14:21.408 [main] BaseClass - Entered Client name in search field.
[INFO ] 2023-06-06 13:14:26.592 [main] BaseClass - Teamleader logged in successfully.
[INFO ] 2023-06-06 13:14:45.350 [main] BaseClass - Verification of Dispute rejection is successed.
[INFO ] 2023-06-06 13:14:47.606 [main] BaseClass - Agent supplier email is entered.
[INFO ] 2023-06-06 13:14:47.727 [main] BaseClass - Agent supplier password is entered.
[INFO ] 2023-06-06 13:15:03.993 [main] BaseClass - Product name entered.
[INFO ] 2023-06-06 13:15:13.455 [main] BaseClass - Email_id is entered.
[INFO ] 2023-06-06 13:18:02.832 [main] BaseClass - Agent supplier email is entered.
[INFO ] 2023-06-06 13:18:02.950 [main] BaseClass - Agent supplier password is entered.
[INFO ] 2023-06-06 13:18:19.383 [main] BaseClass - Product name entered.
[INFO ] 2023-06-06 13:18:36.326 [main] BaseClass - Verification of Requote from Agent side is Successed.
[INFO ] 2023-06-06 13:18:38.392 [main] BaseClass - Verification of Submit Requotation Successed..
[INFO ] 2023-06-06 13:18:40.749 [main] BaseClass - Email_id is entered.
[INFO ] 2023-06-06 13:18:41.870 [main] BaseClass - Password is entered.
[INFO ] 2023-06-06 13:22:19.253 [main] BaseClass - Email_id is entered.
[INFO ] 2023-06-06 13:22:20.422 [main] BaseClass - Password is entered.
[INFO ] 2023-06-06 13:24:15.172 [main] BaseClass - Email_id is entered.
[INFO ] 2023-06-06 13:24:16.300 [main] BaseClass - Password is entered.
[INFO ] 2023-06-06 13:24:39.261 [main] BaseClass - Clicked on accept quotation button.
[INFO ] 2023-06-06 13:24:47.438 [main] BaseClass - Verification of accepting quotation is Successed.
[INFO ] 2023-06-06 13:24:49.681 [main] BaseClass - Go to Orders page.
[INFO ] 2023-06-06 13:24:55.949 [main] BaseClass - Status changed to Processing.
[INFO ] 2023-06-06 13:24:58.247 [main] BaseClass - Email_id is entered.
[INFO ] 2023-06-06 13:24:59.350 [main] BaseClass - Password is entered.
[INFO ] 2023-06-06 13:26:37.340 [main] BaseClass - Email_id is entered.
[INFO ] 2023-06-06 13:26:38.514 [main] BaseClass - Password is entered.
[INFO ] 2023-06-06 13:31:48.034 [main] BaseClass - Email_id is entered.
[INFO ] 2023-06-06 13:31:49.189 [main] BaseClass - Password is entered.
[INFO ] 2023-06-06 13:33:13.895 [main] BaseClass - Email_id is entered.
[INFO ] 2023-06-06 13:33:15.037 [main] BaseClass - Password is entered.
[INFO ] 2023-06-06 13:33:30.470 [main] BaseClass - Customer got wrong product option selected.
[INFO ] 2023-06-06 13:33:30.677 [main] BaseClass - I want the order to be shipped immediately option is selected.
[INFO ] 2023-06-06 13:33:33.870 [main] BaseClass - Queries entered in text fields.
[INFO ] 2023-06-06 13:33:38.975 [main] BaseClass - Clicked on Saved dispute.
[INFO ] 2023-06-06 13:33:39.391 [main] BaseClass - Verification of Dispute raised Successfully.
[INFO ] 2023-06-06 13:34:48.708 [main] BaseClass - Email_id is entered.
[INFO ] 2023-06-06 13:34:49.793 [main] BaseClass - Password is entered.
[INFO ] 2023-06-06 13:37:24.987 [main] BaseClass - Email_id is entered.
[INFO ] 2023-06-06 13:37:26.077 [main] BaseClass - Password is entered.
[INFO ] 2023-06-06 13:37:43.406 [main] BaseClass - Customer got wrong product option selected.
[INFO ] 2023-06-06 13:37:43.596 [main] BaseClass - I want the order to be shipped immediately option is selected.
[INFO ] 2023-06-06 13:37:46.802 [main] BaseClass - Queries entered in text fields.
[INFO ] 2023-06-06 13:37:51.912 [main] BaseClass - Clicked on Saved dispute.
[INFO ] 2023-06-06 13:37:52.310 [main] BaseClass - Verification of Dispute raised Successfully.
[INFO ] 2023-06-06 14:33:15.134 [main] BaseClass - Email_id is entered.
[INFO ] 2023-06-06 14:33:16.213 [main] BaseClass - Password is entered.
[INFO ] 2023-06-06 14:34:29.843 [main] BaseClass - Email_id is entered.
[INFO ] 2023-06-06 14:34:30.958 [main] BaseClass - Password is entered.
[INFO ] 2023-06-06 14:34:48.430 [main] BaseClass - Customer got wrong product option selected.
[INFO ] 2023-06-06 14:34:48.623 [main] BaseClass - I want the order to be shipped immediately option is selected.
[INFO ] 2023-06-06 14:34:51.836 [main] BaseClass - Queries entered in text fields.
[INFO ] 2023-06-06 14:34:56.943 [main] BaseClass - Clicked on Saved dispute.
[INFO ] 2023-06-06 14:34:57.377 [main] BaseClass - Verification of Dispute raised Successfully.
[INFO ] 2023-06-06 14:51:51.758 [main] BaseClass - Email_id is entered.
[INFO ] 2023-06-06 14:51:52.873 [main] BaseClass - Password is entered.
[INFO ] 2023-06-06 14:52:10.655 [main] BaseClass - Customer got wrong product option selected.
[INFO ] 2023-06-06 14:52:10.845 [main] BaseClass - I want the order to be shipped immediately option is selected.
[INFO ] 2023-06-06 14:52:14.028 [main] BaseClass - Queries entered in text fields.
[INFO ] 2023-06-06 14:52:19.132 [main] BaseClass - Clicked on Saved dispute.
[INFO ] 2023-06-06 14:52:19.524 [main] BaseClass - Verification of Dispute raised Successfully.
[INFO ] 2023-06-06 15:16:30.684 [main] BaseClass - Email_id is entered.
[INFO ] 2023-06-06 15:16:31.812 [main] BaseClass - Password is entered.
[INFO ] 2023-06-06 15:16:49.103 [main] BaseClass - Customer got wrong product option selected.
[INFO ] 2023-06-06 15:16:49.302 [main] BaseClass - I want the order to be shipped immediately option is selected.
[INFO ] 2023-06-06 15:16:52.493 [main] BaseClass - Queries entered in text fields.
[INFO ] 2023-06-06 15:16:57.611 [main] BaseClass - Clicked on Saved dispute.
[INFO ] 2023-06-06 15:16:58.010 [main] BaseClass - Verification of Dispute raised Successfully.
[INFO ] 2023-06-06 15:45:57.310 [main] BaseClass - Email_id is entered.
[INFO ] 2023-06-06 15:45:58.450 [main] BaseClass - Password is entered.
[INFO ] 2023-06-06 15:46:15.996 [main] BaseClass - Customer got wrong product option selected.
[INFO ] 2023-06-06 15:46:16.199 [main] BaseClass - I want the order to be shipped immediately option is selected.
[INFO ] 2023-06-06 15:46:19.453 [main] BaseClass - Queries entered in text fields.
[INFO ] 2023-06-06 15:46:24.564 [main] BaseClass - Clicked on Saved dispute.
[INFO ] 2023-06-06 15:46:24.979 [main] BaseClass - Verification of Dispute raised Successfully.
[INFO ] 2023-06-06 16:14:19.405 [main] BaseClass - Email_id is entered.
[INFO ] 2023-06-06 16:14:20.524 [main] BaseClass - Password is entered.
[INFO ] 2023-06-06 16:20:13.477 [main] BaseClass - Email_id is entered.
[INFO ] 2023-06-06 16:20:14.595 [main] BaseClass - Password is entered.
[INFO ] 2023-06-06 16:20:59.487 [main] BaseClass - Email_id is entered.
[INFO ] 2023-06-06 16:21:00.590 [main] BaseClass - Password is entered.
[INFO ] 2023-06-06 16:27:40.410 [main] BaseClass - Email_id is entered.
[INFO ] 2023-06-06 16:27:41.536 [main] BaseClass - Password is entered.
[INFO ] 2023-06-06 16:33:35.570 [main] BaseClass - Email_id is entered.
[INFO ] 2023-06-06 16:33:36.719 [main] BaseClass - Password is entered.
[INFO ] 2023-06-06 16:34:37.598 [main] BaseClass - Email_id is entered.
[INFO ] 2023-06-06 16:34:38.745 [main] BaseClass - Password is entered.
[INFO ] 2023-06-06 16:36:00.073 [main] BaseClass - Email_id is entered.
[INFO ] 2023-06-06 16:36:01.205 [main] BaseClass - Password is entered.
[INFO ] 2023-06-06 16:36:18.913 [main] BaseClass - Customer got wrong product option selected.
[INFO ] 2023-06-06 16:36:19.107 [main] BaseClass - I want the order to be shipped immediately option is selected.
[INFO ] 2023-06-06 16:36:22.333 [main] BaseClass - Queries entered in text fields.
[INFO ] 2023-06-06 16:36:27.422 [main] BaseClass - Clicked on Saved dispute.
[INFO ] 2023-06-06 16:36:27.848 [main] BaseClass - Verification of Dispute raised Successfully.
[INFO ] 2023-06-06 16:36:37.164 [main] BaseClass - Customer got wrong product option selected.
[INFO ] 2023-06-06 16:36:37.342 [main] BaseClass - I want the order to be shipped immediately option is selected.
[INFO ] 2023-06-06 16:36:40.508 [main] BaseClass - Queries entered in text fields.
[INFO ] 2023-06-06 16:36:45.592 [main] BaseClass - Clicked on Saved dispute.
[INFO ] 2023-06-06 16:36:45.903 [main] BaseClass - Verification of Dispute raised Successfully.
[INFO ] 2023-06-06 16:36:55.239 [main] BaseClass - Customer got wrong product option selected.
[INFO ] 2023-06-06 16:36:55.417 [main] BaseClass - I want the order to be shipped immediately option is selected.
[INFO ] 2023-06-06 16:36:58.603 [main] BaseClass - Queries entered in text fields.
[INFO ] 2023-06-06 16:37:03.688 [main] BaseClass - Clicked on Saved dispute.
[INFO ] 2023-06-06 16:37:04.050 [main] BaseClass - Verification of Dispute raised Successfully.
[INFO ] 2023-06-06 16:38:58.707 [main] BaseClass - Email_id is entered.
[INFO ] 2023-06-06 16:38:59.795 [main] BaseClass - Password is entered.
[INFO ] 2023-06-06 16:39:18.319 [main] BaseClass - Customer got wrong product option selected.
[INFO ] 2023-06-06 16:39:18.518 [main] BaseClass - I want the order to be shipped immediately option is selected.
[INFO ] 2023-06-06 16:39:21.727 [main] BaseClass - Queries entered in text fields.
[INFO ] 2023-06-06 16:39:26.835 [main] BaseClass - Clicked on Saved dispute.
[INFO ] 2023-06-06 16:39:27.257 [main] BaseClass - Verification of Dispute raised Successfully.
[INFO ] 2023-06-06 16:39:36.590 [main] BaseClass - Customer got wrong product option selected.
[INFO ] 2023-06-06 16:39:36.772 [main] BaseClass - I want the order to be shipped immediately option is selected.
[INFO ] 2023-06-06 16:39:39.936 [main] BaseClass - Queries entered in text fields.
[INFO ] 2023-06-06 16:39:45.015 [main] BaseClass - Clicked on Saved dispute.
[INFO ] 2023-06-06 16:39:45.341 [main] BaseClass - Verification of Dispute raised Successfully.
[INFO ] 2023-06-06 16:39:54.700 [main] BaseClass - Customer got wrong product option selected.
[INFO ] 2023-06-06 16:39:54.877 [main] BaseClass - I want the order to be shipped immediately option is selected.
[INFO ] 2023-06-06 16:39:58.065 [main] BaseClass - Queries entered in text fields.
[INFO ] 2023-06-06 16:40:03.146 [main] BaseClass - Clicked on Saved dispute.
[INFO ] 2023-06-06 16:40:03.448 [main] BaseClass - Verification of Dispute raised Successfully.
[INFO ] 2023-06-06 16:54:42.287 [main] BaseClass - Email_id is entered.
[INFO ] 2023-06-06 16:54:43.377 [main] BaseClass - Password is entered.
[INFO ] 2023-06-06 16:55:52.389 [main] BaseClass - Email_id is entered.
[INFO ] 2023-06-06 16:55:53.524 [main] BaseClass - Password is entered.
[INFO ] 2023-06-06 16:56:11.693 [main] BaseClass - Customer got wrong product option selected.
[INFO ] 2023-06-06 16:56:11.887 [main] BaseClass - I want the order to be shipped immediately option is selected.
[INFO ] 2023-06-06 16:56:15.093 [main] BaseClass - Queries entered in text fields.
[INFO ] 2023-06-06 16:56:20.195 [main] BaseClass - Clicked on Saved dispute.
[INFO ] 2023-06-06 16:56:20.616 [main] BaseClass - Verification of Dispute raised Successfully.
[INFO ] 2023-06-06 16:56:29.909 [main] BaseClass - Customer got wrong product option selected.
[INFO ] 2023-06-06 16:56:30.088 [main] BaseClass - I want the order to be shipped immediately option is selected.
[INFO ] 2023-06-06 16:56:33.264 [main] BaseClass - Queries entered in text fields.
[INFO ] 2023-06-06 16:56:38.347 [main] BaseClass - Clicked on Saved dispute.
[INFO ] 2023-06-06 16:56:38.680 [main] BaseClass - Verification of Dispute raised Successfully.
[INFO ] 2023-06-06 16:56:48.059 [main] BaseClass - Customer got wrong product option selected.
[INFO ] 2023-06-06 16:56:48.253 [main] BaseClass - I want the order to be shipped immediately option is selected.
[INFO ] 2023-06-06 16:56:51.474 [main] BaseClass - Queries entered in text fields.
[INFO ] 2023-06-06 16:56:56.548 [main] BaseClass - Clicked on Saved dispute.
[INFO ] 2023-06-06 16:56:56.903 [main] BaseClass - Verification of Dispute raised Successfully.
[INFO ] 2023-06-06 16:58:01.979 [main] BaseClass - Agent logged in Successfully.
[INFO ] 2023-06-06 16:58:09.195 [main] BaseClass - Open disputes page.
[INFO ] 2023-06-06 17:07:46.173 [main] BaseClass - Agent logged in Successfully.
[INFO ] 2023-06-06 17:07:51.870 [main] BaseClass - Open disputes page.
[INFO ] 2023-06-06 17:10:04.919 [main] BaseClass - Agent logged in Successfully.
[INFO ] 2023-06-06 17:10:12.354 [main] BaseClass - Open disputes page.
[INFO ] 2023-06-06 17:12:45.378 [main] BaseClass - Agent logged in Successfully.
[INFO ] 2023-06-06 17:12:50.585 [main] BaseClass - Open disputes page.
[INFO ] 2023-06-06 17:13:02.998 [main] BaseClass - Dispute Accepted.
[INFO ] 2023-06-06 17:13:10.230 [main] BaseClass - Dispute send.
[INFO ] 2023-06-06 17:13:18.587 [main] BaseClass - Verification of Dispute acceptance is successed.
[INFO ] 2023-06-06 17:13:27.904 [main] BaseClass - Dispute Accepted.
[INFO ] 2023-06-06 17:13:35.103 [main] BaseClass - Dispute send.
[INFO ] 2023-06-06 17:13:43.349 [main] BaseClass - Verification of Dispute acceptance is successed.
[INFO ] 2023-06-06 17:13:52.687 [main] BaseClass - Dispute Accepted.
[INFO ] 2023-06-06 17:13:59.978 [main] BaseClass - Dispute send.
[INFO ] 2023-06-06 17:14:08.211 [main] BaseClass - Verification of Dispute acceptance is successed.
[INFO ] 2023-06-06 17:21:05.598 [main] BaseClass - Agent logged in Successfully.
[INFO ] 2023-06-06 17:21:14.141 [main] BaseClass - Open disputes page.
[INFO ] 2023-06-06 17:21:26.559 [main] BaseClass - Dispute Accepted.
[INFO ] 2023-06-06 17:21:33.811 [main] BaseClass - Dispute send.
[INFO ] 2023-06-06 17:21:42.161 [main] BaseClass - Verification of Dispute acceptance is successed.
[INFO ] 2023-06-06 17:21:51.474 [main] BaseClass - Dispute Accepted.
[INFO ] 2023-06-06 17:21:58.681 [main] BaseClass - Dispute send.
[INFO ] 2023-06-06 17:22:06.933 [main] BaseClass - Verification of Dispute acceptance is successed.
[INFO ] 2023-06-06 17:22:16.248 [main] BaseClass - Dispute Accepted.
[INFO ] 2023-06-06 17:22:23.447 [main] BaseClass - Dispute send.
[INFO ] 2023-06-06 17:22:31.696 [main] BaseClass - Verification of Dispute acceptance is successed.
[INFO ] 2023-06-06 17:27:52.450 [main] BaseClass - Email_id is entered.
[INFO ] 2023-06-06 17:27:53.608 [main] BaseClass - Password is entered.
[INFO ] 2023-06-06 17:28:11.466 [main] BaseClass - Customer got wrong product option selected.
[INFO ] 2023-06-06 17:28:11.656 [main] BaseClass - I want the order to be shipped immediately option is selected.
[INFO ] 2023-06-06 17:28:14.869 [main] BaseClass - Queries entered in text fields.
[INFO ] 2023-06-06 17:28:19.976 [main] BaseClass - Clicked on Saved dispute.
[INFO ] 2023-06-06 17:28:20.385 [main] BaseClass - Verification of Dispute raised Successfully.
[INFO ] 2023-06-06 17:28:29.687 [main] BaseClass - Customer got wrong product option selected.
[INFO ] 2023-06-06 17:28:29.867 [main] BaseClass - I want the order to be shipped immediately option is selected.
[INFO ] 2023-06-06 17:28:33.046 [main] BaseClass - Queries entered in text fields.
[INFO ] 2023-06-06 17:28:38.128 [main] BaseClass - Clicked on Saved dispute.
[INFO ] 2023-06-06 17:28:38.434 [main] BaseClass - Verification of Dispute raised Successfully.
[INFO ] 2023-06-06 17:28:47.752 [main] BaseClass - Customer got wrong product option selected.
[INFO ] 2023-06-06 17:28:47.936 [main] BaseClass - I want the order to be shipped immediately option is selected.
[INFO ] 2023-06-06 17:28:51.171 [main] BaseClass - Queries entered in text fields.
[INFO ] 2023-06-06 17:28:56.256 [main] BaseClass - Clicked on Saved dispute.
[INFO ] 2023-06-06 17:28:56.589 [main] BaseClass - Verification of Dispute raised Successfully.
[INFO ] 2023-06-06 17:49:06.806 [main] BaseClass - Email_id is entered.
[INFO ] 2023-06-06 17:49:07.958 [main] BaseClass - Password is entered.
[INFO ] 2023-06-06 17:49:41.404 [main] BaseClass - Clicked on Saved dispute.
[INFO ] 2023-06-06 17:49:41.735 [main] BaseClass - Verification of Declined Dispute reopen Successfully.
[INFO ] 2023-06-06 17:49:55.534 [main] BaseClass - Clicked on Saved dispute.
[INFO ] 2023-06-06 17:49:55.773 [main] BaseClass - Verification of Declined Dispute reopen Successfully.
[INFO ] 2023-06-06 17:50:09.624 [main] BaseClass - Clicked on Saved dispute.
[INFO ] 2023-06-06 17:50:09.851 [main] BaseClass - Verification of Declined Dispute reopen Successfully.
[INFO ] 2023-06-06 17:55:12.792 [main] BaseClass - Application Opened.
[INFO ] 2023-06-06 17:55:13.892 [main] BaseClass - Email_id is entered.
[INFO ] 2023-06-06 17:55:15.009 [main] BaseClass - Password is entered.
[INFO ] 2023-06-06 17:55:28.620 [main] BaseClass - Product name entered.
[INFO ] 2023-06-06 17:55:33.539 [main] BaseClass - Price entered
[INFO ] 2023-06-06 17:55:47.774 [main] BaseClass - Verification of Submit quotation Successed..
[INFO ] 2023-06-06 17:55:53.093 [main] BaseClass - Email_id is entered.
[INFO ] 2023-06-06 17:55:53.173 [main] BaseClass - Password is entered.
[INFO ] 2023-06-06 17:56:17.488 [main] BaseClass - Verification of accepting quotation is Successed.
[INFO ] 2023-06-06 17:56:28.212 [main] BaseClass - client logged in Successfully.
[INFO ] 2023-06-06 17:56:33.429 [main] BaseClass - Product name is entered.
[INFO ] 2023-06-06 17:56:38.707 [main] BaseClass - Processing filter selected.
[INFO ] 2023-06-06 17:56:38.802 [main] BaseClass - Clicked on first div.
[INFO ] 2023-06-06 17:56:44.940 [main] BaseClass - Clicked on Open dispute button.
[INFO ] 2023-06-06 17:56:45.078 [main] BaseClass - Customer got wrong product option selected.
[INFO ] 2023-06-06 17:56:45.258 [main] BaseClass - I want the order to be shipped immediately option is selected.
[INFO ] 2023-06-06 17:56:48.581 [main] BaseClass - Queries entered in text fields.
[INFO ] 2023-06-06 17:56:53.689 [main] BaseClass - Clicked on Saved dispute.
[INFO ] 2023-06-06 17:56:54.029 [main] BaseClass - Verification of Dispute raised Successfully.
[INFO ] 2023-06-06 17:56:59.422 [main] BaseClass - Email_id is entered.
[INFO ] 2023-06-06 17:57:00.552 [main] BaseClass - Password is entered.
[INFO ] 2023-06-06 17:57:17.656 [main] BaseClass - Requoted the quotation
[INFO ] 2023-06-06 17:57:25.965 [main] BaseClass - Verification of Client side Requote is Successed.
[INFO ] 2023-06-06 17:57:50.622 [main] BaseClass - Admin logged in successfully.
[INFO ] 2023-06-06 17:57:53.819 [main] BaseClass - Accounts page opened.
[INFO ] 2023-06-06 17:57:56.915 [main] BaseClass - Entered Client name in search field.
[INFO ] 2023-06-06 17:58:02.049 [main] BaseClass - Teamleader logged in successfully.
[INFO ] 2023-06-06 17:58:20.697 [main] BaseClass - Verification of Dispute rejection is successed.
[INFO ] 2023-06-06 17:58:26.313 [main] BaseClass - Agent supplier email is entered.
[INFO ] 2023-06-06 17:58:26.397 [main] BaseClass - Agent supplier password is entered.
[INFO ] 2023-06-06 17:58:42.856 [main] BaseClass - Product name entered.
[INFO ] 2023-06-06 17:58:59.785 [main] BaseClass - Verification of Requote from Agent side is Successed.
[INFO ] 2023-06-06 17:59:01.813 [main] BaseClass - Verification of Submit Requotation Successed..
[INFO ] 2023-06-06 17:59:09.016 [main] BaseClass - Email_id is entered.
[INFO ] 2023-06-06 17:59:10.097 [main] BaseClass - Password is entered.
[INFO ] 2023-06-06 17:59:32.748 [main] BaseClass - Clicked on accept quotation button.
[INFO ] 2023-06-06 17:59:40.847 [main] BaseClass - Verification of accepting quotation is Successed.
[INFO ] 2023-06-06 17:59:47.202 [main] BaseClass - Email_id is entered.
[INFO ] 2023-06-06 17:59:48.305 [main] BaseClass - Password is entered.
[INFO ] 2023-06-06 18:00:05.950 [main] BaseClass - Customer got wrong product option selected.
[INFO ] 2023-06-06 18:00:06.152 [main] BaseClass - I want the order to be shipped immediately option is selected.
[INFO ] 2023-06-06 18:00:09.372 [main] BaseClass - Queries entered in text fields.
[INFO ] 2023-06-06 18:00:14.493 [main] BaseClass - Clicked on Saved dispute.
[INFO ] 2023-06-06 18:00:14.821 [main] BaseClass - Verification of Dispute raised Successfully.
[INFO ] 2023-06-06 18:00:24.169 [main] BaseClass - Customer got wrong product option selected.
[INFO ] 2023-06-06 18:00:24.359 [main] BaseClass - I want the order to be shipped immediately option is selected.
[INFO ] 2023-06-06 18:00:27.578 [main] BaseClass - Queries entered in text fields.
[INFO ] 2023-06-06 18:00:32.664 [main] BaseClass - Clicked on Saved dispute.
[INFO ] 2023-06-06 18:00:32.958 [main] BaseClass - Verification of Dispute raised Successfully.
[INFO ] 2023-06-06 18:00:42.287 [main] BaseClass - Customer got wrong product option selected.
[INFO ] 2023-06-06 18:00:42.467 [main] BaseClass - I want the order to be shipped immediately option is selected.
[INFO ] 2023-06-06 18:00:45.679 [main] BaseClass - Queries entered in text fields.
[INFO ] 2023-06-06 18:00:50.760 [main] BaseClass - Clicked on Saved dispute.
[INFO ] 2023-06-06 18:00:51.076 [main] BaseClass - Verification of Dispute raised Successfully.
[INFO ] 2023-06-06 18:00:59.914 [main] BaseClass - Agent logged in Successfully.
[INFO ] 2023-06-06 18:01:06.759 [main] BaseClass - Open disputes page.
[INFO ] 2023-06-06 18:01:19.158 [main] BaseClass - Dispute Accepted.
[INFO ] 2023-06-06 18:01:26.456 [main] BaseClass - Dispute send.
[INFO ] 2023-06-06 18:01:34.673 [main] BaseClass - Verification of Dispute acceptance is successed.
[INFO ] 2023-06-06 18:01:43.953 [main] BaseClass - Dispute Accepted.
[INFO ] 2023-06-06 18:01:51.166 [main] BaseClass - Dispute send.
[INFO ] 2023-06-06 18:01:59.402 [main] BaseClass - Verification of Dispute acceptance is successed.
[INFO ] 2023-06-06 18:02:08.721 [main] BaseClass - Dispute Accepted.
[INFO ] 2023-06-06 18:02:15.924 [main] BaseClass - Dispute send.
[INFO ] 2023-06-06 18:02:24.144 [main] BaseClass - Verification of Dispute acceptance is successed.
[INFO ] 2023-06-06 18:02:28.306 [main] BaseClass - Email_id is entered.
[INFO ] 2023-06-06 18:02:29.437 [main] BaseClass - Password is entered.
[INFO ] 2023-06-06 18:03:02.138 [main] BaseClass - Clicked on Saved dispute.
[INFO ] 2023-06-06 18:03:02.368 [main] BaseClass - Verification of Declined Dispute reopen Successfully.
[INFO ] 2023-06-06 18:03:16.167 [main] BaseClass - Clicked on Saved dispute.
[INFO ] 2023-06-06 18:03:16.398 [main] BaseClass - Verification of Declined Dispute reopen Successfully.
[INFO ] 2023-06-06 18:03:30.175 [main] BaseClass - Clicked on Saved dispute.
[INFO ] 2023-06-06 18:03:30.405 [main] BaseClass - Verification of Declined Dispute reopen Successfully.
[INFO ] 2023-06-06 18:43:04.682 [main] BaseClass - Application Opened.
[INFO ] 2023-06-06 18:43:05.809 [main] BaseClass - Email_id is entered.
[INFO ] 2023-06-06 18:43:06.915 [main] BaseClass - Password is entered.
[INFO ] 2023-06-06 18:43:23.236 [main] BaseClass - Product name entered.
[INFO ] 2023-06-06 18:43:28.145 [main] BaseClass - Price entered
[INFO ] 2023-06-06 18:43:42.503 [main] BaseClass - Verification of Submit quotation Successed..
[INFO ] 2023-06-06 18:43:49.511 [main] BaseClass - Email_id is entered.
[INFO ] 2023-06-06 18:43:49.631 [main] BaseClass - Password is entered.
[INFO ] 2023-06-06 18:44:15.629 [main] BaseClass - Verification of accepting quotation is Successed.
[INFO ] 2023-06-06 18:44:28.416 [main] BaseClass - client logged in Successfully.
[INFO ] 2023-06-06 18:44:32.134 [main] BaseClass - Product name is entered.
[INFO ] 2023-06-06 18:44:37.599 [main] BaseClass - Processing filter selected.
[INFO ] 2023-06-06 18:44:37.719 [main] BaseClass - Clicked on first div.
[INFO ] 2023-06-06 18:44:43.873 [main] BaseClass - Clicked on Open dispute button.
[INFO ] 2023-06-06 18:44:44.041 [main] BaseClass - Customer got wrong product option selected.
[INFO ] 2023-06-06 18:44:44.318 [main] BaseClass - I want the order to be shipped immediately option is selected.
[INFO ] 2023-06-06 18:44:47.758 [main] BaseClass - Queries entered in text fields.
[INFO ] 2023-06-06 18:44:52.931 [main] BaseClass - Clicked on Saved dispute.
[INFO ] 2023-06-06 18:44:53.291 [main] BaseClass - Verification of Dispute raised Successfully.
[INFO ] 2023-06-06 18:45:01.389 [main] BaseClass - Email_id is entered.
[INFO ] 2023-06-06 18:45:02.570 [main] BaseClass - Password is entered.
[INFO ] 2023-06-06 18:45:20.772 [main] BaseClass - Requoted the quotation
[INFO ] 2023-06-06 18:45:29.035 [main] BaseClass - Verification of Client side Requote is Successed.
[INFO ] 2023-06-06 18:45:56.361 [main] BaseClass - Admin logged in successfully.
[INFO ] 2023-06-06 18:45:58.826 [main] BaseClass - Accounts page opened.
[INFO ] 2023-06-06 18:46:01.941 [main] BaseClass - Entered Client name in search field.
[INFO ] 2023-06-06 18:46:07.200 [main] BaseClass - Teamleader logged in successfully.
[INFO ] 2023-06-06 18:46:25.973 [main] BaseClass - Verification of Dispute rejection is successed.
[INFO ] 2023-06-06 18:46:31.951 [main] BaseClass - Email_id is entered.
[INFO ] 2023-06-06 18:46:33.194 [main] BaseClass - Password is entered.
[INFO ] 2023-06-07 09:16:14.773 [main] BaseClass - Application Opened.
[INFO ] 2023-06-07 09:16:15.897 [main] BaseClass - Email_id is entered.
[INFO ] 2023-06-07 09:16:17.023 [main] BaseClass - Password is entered.
[INFO ] 2023-06-07 09:16:30.878 [main] BaseClass - Product name entered.
[INFO ] 2023-06-07 09:16:35.425 [main] BaseClass - Price entered
[INFO ] 2023-06-07 09:16:49.676 [main] BaseClass - Verification of Submit quotation Successed..
[INFO ] 2023-06-07 09:16:52.155 [main] BaseClass - Email_id is entered.
[INFO ] 2023-06-07 09:16:52.269 [main] BaseClass - Password is entered.
[INFO ] 2023-06-07 09:17:15.311 [main] BaseClass - Verification of accepting quotation is Successed.
[INFO ] 2023-06-07 09:17:23.190 [main] BaseClass - client logged in Successfully.
[INFO ] 2023-06-07 09:17:26.352 [main] BaseClass - Product name is entered.
[INFO ] 2023-06-07 09:17:31.669 [main] BaseClass - Processing filter selected.
[INFO ] 2023-06-07 09:17:31.878 [main] BaseClass - Clicked on first div.
[INFO ] 2023-06-07 09:17:38.033 [main] BaseClass - Clicked on Open dispute button.
[INFO ] 2023-06-07 09:17:38.216 [main] BaseClass - Customer got wrong product option selected.
[INFO ] 2023-06-07 09:17:38.515 [main] BaseClass - I want the order to be shipped immediately option is selected.
[INFO ] 2023-06-07 09:17:42.058 [main] BaseClass - Queries entered in text fields.
[INFO ] 2023-06-07 09:17:47.225 [main] BaseClass - Clicked on Saved dispute.
[INFO ] 2023-06-07 09:17:47.566 [main] BaseClass - Verification of Dispute raised Successfully.
[INFO ] 2023-06-07 09:17:49.867 [main] BaseClass - Email_id is entered.
[INFO ] 2023-06-07 09:17:51.114 [main] BaseClass - Password is entered.
[INFO ] 2023-06-07 09:18:07.684 [main] BaseClass - Requoted the quotation
[INFO ] 2023-06-07 09:18:15.975 [main] BaseClass - Verification of Client side Requote is Successed.
[INFO ] 2023-06-07 09:18:36.810 [main] BaseClass - Admin logged in successfully.
[INFO ] 2023-06-07 09:18:38.322 [main] BaseClass - Accounts page opened.
[INFO ] 2023-06-07 09:18:41.557 [main] BaseClass - Entered Client name in search field.
[INFO ] 2023-06-07 09:18:46.777 [main] BaseClass - Teamleader logged in successfully.
[INFO ] 2023-06-07 09:19:05.966 [main] BaseClass - Verification of Dispute rejection is successed.
[INFO ] 2023-06-07 09:19:08.786 [main] BaseClass - Email_id is entered.
[INFO ] 2023-06-07 09:19:09.903 [main] BaseClass - Password is entered.
[INFO ] 2023-06-07 09:19:41.781 [main] BaseClass - Clicked on Saved dispute.
[INFO ] 2023-06-07 09:19:50.526 [main] BaseClass - Agent supplier email is entered.
[INFO ] 2023-06-07 09:19:50.644 [main] BaseClass - Agent supplier password is entered.
[INFO ] 2023-06-07 09:20:07.400 [main] BaseClass - Product name entered.
[INFO ] 2023-06-07 09:20:24.864 [main] BaseClass - Verification of Requote from Agent side is Successed.
[INFO ] 2023-06-07 09:20:26.916 [main] BaseClass - Verification of Submit Requotation Successed..
[INFO ] 2023-06-07 09:20:32.103 [main] BaseClass - Email_id is entered.
[INFO ] 2023-06-07 09:20:33.235 [main] BaseClass - Password is entered.
[INFO ] 2023-06-07 09:20:55.254 [main] BaseClass - Clicked on accept quotation button.
[INFO ] 2023-06-07 09:21:03.369 [main] BaseClass - Verification of accepting quotation is Successed.
[INFO ] 2023-06-07 09:21:06.623 [main] BaseClass - Email_id is entered.
[INFO ] 2023-06-07 09:21:07.824 [main] BaseClass - Password is entered.
[INFO ] 2023-06-07 09:21:25.818 [main] BaseClass - Customer got wrong product option selected.
[INFO ] 2023-06-07 09:21:26.136 [main] BaseClass - I want the order to be shipped immediately option is selected.
[INFO ] 2023-06-07 09:21:29.553 [main] BaseClass - Queries entered in text fields.
[INFO ] 2023-06-07 09:21:34.754 [main] BaseClass - Clicked on Saved dispute.
[INFO ] 2023-06-07 09:21:35.191 [main] BaseClass - Verification of Dispute raised Successfully.
[INFO ] 2023-06-07 09:21:44.850 [main] BaseClass - Customer got wrong product option selected.
[INFO ] 2023-06-07 09:21:45.168 [main] BaseClass - I want the order to be shipped immediately option is selected.
[INFO ] 2023-06-07 09:21:48.591 [main] BaseClass - Queries entered in text fields.
[INFO ] 2023-06-07 09:21:53.754 [main] BaseClass - Clicked on Saved dispute.
[INFO ] 2023-06-07 09:21:54.210 [main] BaseClass - Verification of Dispute raised Successfully.
[INFO ] 2023-06-07 09:22:03.876 [main] BaseClass - Customer got wrong product option selected.
[INFO ] 2023-06-07 09:22:04.183 [main] BaseClass - I want the order to be shipped immediately option is selected.
[INFO ] 2023-06-07 09:22:07.583 [main] BaseClass - Queries entered in text fields.
[INFO ] 2023-06-07 09:22:12.742 [main] BaseClass - Clicked on Saved dispute.
[INFO ] 2023-06-07 09:22:13.177 [main] BaseClass - Verification of Dispute raised Successfully.
[INFO ] 2023-06-07 09:22:19.323 [main] BaseClass - Agent logged in Successfully.
[INFO ] 2023-06-07 09:22:22.736 [main] BaseClass - Open disputes page.
[INFO ] 2023-06-07 09:22:35.597 [main] BaseClass - Dispute Accepted.
[INFO ] 2023-06-07 09:22:43.167 [main] BaseClass - Dispute send.
[INFO ] 2023-06-07 09:22:51.539 [main] BaseClass - Verification of Dispute acceptance is successed.
[INFO ] 2023-06-07 09:23:01.039 [main] BaseClass - Dispute Accepted.
[INFO ] 2023-06-07 09:23:08.383 [main] BaseClass - Dispute send.
[INFO ] 2023-06-07 09:23:16.637 [main] BaseClass - Verification of Dispute acceptance is successed.
[INFO ] 2023-06-07 09:23:25.997 [main] BaseClass - Dispute Accepted.
[INFO ] 2023-06-07 09:23:33.287 [main] BaseClass - Dispute send.
[INFO ] 2023-06-07 09:23:41.542 [main] BaseClass - Verification of Dispute acceptance is successed.
[INFO ] 2023-06-07 09:23:44.438 [main] BaseClass - Email_id is entered.
[INFO ] 2023-06-07 09:23:45.652 [main] BaseClass - Password is entered.
[INFO ] 2023-06-07 09:24:17.837 [main] BaseClass - Clicked on Saved dispute.
[INFO ] 2023-06-07 09:24:18.105 [main] BaseClass - Verification of Declined Dispute reopen Successfully.
[INFO ] 2023-06-07 09:24:31.953 [main] BaseClass - Clicked on Saved dispute.
[INFO ] 2023-06-07 09:24:32.220 [main] BaseClass - Verification of Declined Dispute reopen Successfully.
[INFO ] 2023-06-07 09:24:45.986 [main] BaseClass - Clicked on Saved dispute.
[INFO ] 2023-06-07 09:24:46.244 [main] BaseClass - Verification of Declined Dispute reopen Successfully.
[INFO ] 2023-06-07 11:10:24.818 [main] BaseClass - Application Opened.
[INFO ] 2023-06-07 11:10:25.924 [main] BaseClass - Email_id is entered.
[INFO ] 2023-06-07 11:10:27.026 [main] BaseClass - Password is entered.
[INFO ] 2023-06-07 11:10:40.906 [main] BaseClass - Product name entered.
[INFO ] 2023-06-07 11:11:18.954 [main] BaseClass - Application Opened.
[INFO ] 2023-06-07 11:11:20.042 [main] BaseClass - Email_id is entered.
[INFO ] 2023-06-07 11:11:21.183 [main] BaseClass - Password is entered.
[INFO ] 2023-06-07 11:11:34.774 [main] BaseClass - Product name entered.
[INFO ] 2023-06-07 11:11:39.150 [main] BaseClass - Price entered
[INFO ] 2023-06-07 11:11:53.402 [main] BaseClass - Verification of Submit quotation Successed..
[INFO ] 2023-06-07 11:11:55.744 [main] BaseClass - Email_id is entered.
[INFO ] 2023-06-07 11:11:55.829 [main] BaseClass - Password is entered.
[INFO ] 2023-06-07 11:12:18.743 [main] BaseClass - Verification of accepting quotation is Successed.
[INFO ] 2023-06-07 11:12:21.742 [main] BaseClass - Agent logged in Successfully.
[INFO ] 2023-06-07 11:12:29.874 [main] BaseClass - Product name is entered.
[INFO ] 2023-06-07 11:12:33.047 [main] BaseClass - Clicked on status dropdown.
[INFO ] 2023-06-07 11:12:36.162 [main] BaseClass - Processing status is searched.
[INFO ] 2023-06-07 11:12:38.278 [main] BaseClass - Processing status is searched.
[INFO ] 2023-06-07 11:12:40.328 [main] BaseClass - Processing status is searched.
[INFO ] 2023-06-07 11:12:43.434 [main] BaseClass - Tracking number entered.
[INFO ] 2023-06-07 11:12:47.558 [main] BaseClass - clicked on add tracking button.
[INFO ] 2023-06-07 11:12:53.015 [main] BaseClass - Clicked on submit tracking button.
[INFO ] 2023-06-07 11:13:00.298 [main] BaseClass - Verification of adding tracking number is Successfull.
[INFO ] 2023-06-07 11:13:10.398 [main] BaseClass - client logged in Successfully.
[INFO ] 2023-06-07 11:13:12.150 [main] BaseClass - Product name is entered.
[INFO ] 2023-06-07 11:13:14.236 [main] BaseClass - Clicked on first div.
[INFO ] 2023-06-07 11:13:20.483 [main] BaseClass - Customer got wrong product option selected.
[INFO ] 2023-06-07 11:13:20.667 [main] BaseClass - Resend dispute option is selected.
[INFO ] 2023-06-07 11:13:23.986 [main] BaseClass - Queries entered in text fields.
[INFO ] 2023-06-07 11:13:29.078 [main] BaseClass - Dispute saved.
[INFO ] 2023-06-07 11:13:29.374 [main] BaseClass - Verification of Dispute raised Successfully.
[INFO ] 2023-06-07 11:13:32.117 [main] BaseClass - Agent logged in Successfully.
[INFO ] 2023-06-07 11:13:38.612 [main] BaseClass - Open disputes page.
[INFO ] 2023-06-07 11:13:44.855 [main] BaseClass - Clicked on show disputes.
[INFO ] 2023-06-07 11:13:48.001 [main] BaseClass - Dispute Declined Status selected from dropdown.
[INFO ] 2023-06-07 11:13:53.266 [main] BaseClass - Dispute send.
[INFO ] 2023-06-07 11:13:58.530 [main] BaseClass - Verification of Dispute rejection is successed.
[INFO ] 2023-06-07 11:14:06.255 [main] BaseClass - client logged in Successfully.
[INFO ] 2023-06-07 11:14:09.218 [main] BaseClass - Product name is entered.
[INFO ] 2023-06-07 11:14:11.299 [main] BaseClass - Clicked on first div.
[INFO ] 2023-06-07 11:14:17.582 [main] BaseClass - Customer got wrong product option selected.
[INFO ] 2023-06-07 11:14:17.760 [main] BaseClass - Resend dispute option is selected.
[INFO ] 2023-06-07 11:14:21.045 [main] BaseClass - Queries entered in text fields.
[INFO ] 2023-06-07 11:14:26.142 [main] BaseClass - Dispute saved.
[INFO ] 2023-06-07 11:14:26.435 [main] BaseClass - Verification of Dispute raised Successfully.
[INFO ] 2023-06-07 11:14:28.717 [main] BaseClass - Agent logged in Successfully.
[INFO ] 2023-06-07 11:14:33.550 [main] BaseClass - Open disputes page.
[INFO ] 2023-06-07 11:14:39.805 [main] BaseClass - Clicked on show disputes.
[INFO ] 2023-06-07 11:14:42.936 [main] BaseClass - Dispute Accepted.
[INFO ] 2023-06-07 11:14:50.204 [main] BaseClass - Dispute send.
[INFO ] 2023-06-07 11:14:58.421 [main] BaseClass - Verification of Dispute acceptance is successed.
[INFO ] 2023-06-07 11:15:06.080 [main] BaseClass - client logged in Successfully.
[INFO ] 2023-06-07 11:15:07.894 [main] BaseClass - Product name is entered.
[INFO ] 2023-06-07 11:15:09.994 [main] BaseClass - Clicked on first div.
[INFO ] 2023-06-07 11:15:16.104 [main] BaseClass - Verification of Dispute for Resend is not able to reopen once accepted is successed.
[INFO ] 2023-06-07 11:15:18.368 [main] BaseClass - Customer got wrong product option selected.
[INFO ] 2023-06-07 11:15:18.544 [main] BaseClass - Resend dispute option is selected.
[INFO ] 2023-06-07 11:15:21.905 [main] BaseClass - Queries entered in text fields.
[INFO ] 2023-06-07 11:15:27.003 [main] BaseClass - Dispute saved.
[INFO ] 2023-06-07 11:15:27.318 [main] BaseClass - Verification of Refund Dispute raised Successfully.
[INFO ] 2023-06-07 11:15:30.992 [main] BaseClass - Agent logged in Successfully.
[INFO ] 2023-06-07 11:15:35.034 [main] BaseClass - Open disputes page.
[INFO ] 2023-06-07 11:15:41.289 [main] BaseClass - Clicked on show disputes.
[INFO ] 2023-06-07 11:15:44.429 [main] BaseClass - Dispute Accepted.
[INFO ] 2023-06-07 11:15:51.704 [main] BaseClass - Dispute send.
[INFO ] 2023-06-07 11:15:59.919 [main] BaseClass - Verification of Refund Dispute acceptance is successed.
[INFO ] 2023-06-07 11:16:07.691 [main] BaseClass - client logged in Successfully.
[INFO ] 2023-06-07 11:16:10.085 [main] BaseClass - Product name is entered.
[INFO ] 2023-06-07 11:16:12.184 [main] BaseClass - Clicked on first div.
[INFO ] 2023-06-07 11:16:15.541 [main] BaseClass - Verification of not reopening of Dispute for refund is failed.
[INFO ] 2023-06-07 11:51:20.444 [main] BaseClass - Application Opened.
[INFO ] 2023-06-07 11:51:21.533 [main] BaseClass - Email_id is entered.
[INFO ] 2023-06-07 11:51:22.626 [main] BaseClass - Password is entered.
[INFO ] 2023-06-07 11:51:36.406 [main] BaseClass - Product name entered.
[INFO ] 2023-06-07 11:52:18.933 [main] BaseClass - Application Opened.
[INFO ] 2023-06-07 11:52:20.024 [main] BaseClass - Email_id is entered.
[INFO ] 2023-06-07 11:52:21.118 [main] BaseClass - Password is entered.
[INFO ] 2023-06-07 11:52:34.801 [main] BaseClass - Product name entered.
[INFO ] 2023-06-07 11:54:42.316 [main] BaseClass - Application Opened.
[INFO ] 2023-06-07 11:54:43.407 [main] BaseClass - Email_id is entered.
[INFO ] 2023-06-07 11:54:44.490 [main] BaseClass - Password is entered.
[INFO ] 2023-06-07 11:54:59.641 [main] BaseClass - Product name entered.
[INFO ] 2023-06-07 11:55:04.117 [main] BaseClass - Price entered
[INFO ] 2023-06-07 11:55:18.308 [main] BaseClass - Verification of Submit quotation Successed..
[INFO ] 2023-06-07 11:55:23.246 [main] BaseClass - Email_id is entered.
[INFO ] 2023-06-07 11:55:23.326 [main] BaseClass - Password is entered.
[INFO ] 2023-06-07 11:55:46.810 [main] BaseClass - Verification of accepting quotation is Successed.
[INFO ] 2023-06-07 11:55:52.481 [main] BaseClass - Agent logged in Successfully.
[INFO ] 2023-06-07 11:56:02.711 [main] BaseClass - Product name is entered.
[INFO ] 2023-06-07 11:56:05.830 [main] BaseClass - Clicked on status dropdown.
[INFO ] 2023-06-07 11:56:08.957 [main] BaseClass - Processing status is searched.
[INFO ] 2023-06-07 11:56:11.178 [main] BaseClass - Processing status is searched.
[INFO ] 2023-06-07 11:56:13.246 [main] BaseClass - Processing status is searched.
[INFO ] 2023-06-07 11:56:16.351 [main] BaseClass - Tracking number entered.
[INFO ] 2023-06-07 11:56:20.454 [main] BaseClass - clicked on add tracking button.
[INFO ] 2023-06-07 11:56:25.904 [main] BaseClass - Clicked on submit tracking button.
[INFO ] 2023-06-07 11:56:33.191 [main] BaseClass - Verification of adding tracking number is Successfull.
[INFO ] 2023-06-07 11:56:46.133 [main] BaseClass - client logged in Successfully.
[INFO ] 2023-06-07 11:56:49.832 [main] BaseClass - Product name is entered.
[INFO ] 2023-06-07 11:56:51.937 [main] BaseClass - Clicked on first div.
[INFO ] 2023-06-07 11:56:58.210 [main] BaseClass - Customer got wrong product option selected.
[INFO ] 2023-06-07 11:56:58.401 [main] BaseClass - Resend dispute option is selected.
[INFO ] 2023-06-07 11:57:01.684 [main] BaseClass - Queries entered in text fields.
[INFO ] 2023-06-07 11:57:06.784 [main] BaseClass - Dispute saved.
[INFO ] 2023-06-07 11:57:07.098 [main] BaseClass - Verification of Dispute raised Successfully.
[INFO ] 2023-06-07 11:57:12.174 [main] BaseClass - Agent logged in Successfully.
[INFO ] 2023-06-07 11:57:18.839 [main] BaseClass - Open disputes page.
[INFO ] 2023-06-07 11:57:25.085 [main] BaseClass - Clicked on show disputes.
[INFO ] 2023-06-07 11:57:28.235 [main] BaseClass - Dispute Declined Status selected from dropdown.
[INFO ] 2023-06-07 11:57:33.486 [main] BaseClass - Dispute send.
[INFO ] 2023-06-07 11:57:38.736 [main] BaseClass - Verification of Dispute rejection is successed.
[INFO ] 2023-06-07 11:57:48.584 [main] BaseClass - client logged in Successfully.
[INFO ] 2023-06-07 11:57:53.214 [main] BaseClass - Product name is entered.
[INFO ] 2023-06-07 11:57:55.320 [main] BaseClass - Clicked on first div.
[INFO ] 2023-06-07 11:58:01.582 [main] BaseClass - Customer got wrong product option selected.
[INFO ] 2023-06-07 11:58:01.782 [main] BaseClass - Resend dispute option is selected.
[INFO ] 2023-06-07 11:58:05.082 [main] BaseClass - Queries entered in text fields.
[INFO ] 2023-06-07 11:58:10.191 [main] BaseClass - Dispute saved.
[INFO ] 2023-06-07 11:58:10.491 [main] BaseClass - Verification of Dispute raised Successfully.
[INFO ] 2023-06-07 11:58:13.942 [main] BaseClass - Agent logged in Successfully.
[INFO ] 2023-06-07 11:58:18.177 [main] BaseClass - Open disputes page.
[INFO ] 2023-06-07 11:58:24.457 [main] BaseClass - Clicked on show disputes.
[INFO ] 2023-06-07 11:58:27.597 [main] BaseClass - Dispute Accepted.
[INFO ] 2023-06-07 11:58:34.834 [main] BaseClass - Dispute send.
[INFO ] 2023-06-07 11:58:43.054 [main] BaseClass - Verification of Dispute acceptance is successed.
[INFO ] 2023-06-07 11:58:51.597 [main] BaseClass - client logged in Successfully.
[INFO ] 2023-06-07 11:58:54.884 [main] BaseClass - Product name is entered.
[INFO ] 2023-06-07 11:58:56.984 [main] BaseClass - Clicked on first div.
[INFO ] 2023-06-07 11:59:03.109 [main] BaseClass - Verification of Dispute for Resend is not able to reopen once accepted is successed.
[INFO ] 2023-06-07 11:59:05.351 [main] BaseClass - Customer got wrong product option selected.
[INFO ] 2023-06-07 11:59:05.540 [main] BaseClass - Resend dispute option is selected.
[INFO ] 2023-06-07 11:59:08.926 [main] BaseClass - Queries entered in text fields.
[INFO ] 2023-06-07 11:59:14.032 [main] BaseClass - Dispute saved.
[INFO ] 2023-06-07 11:59:14.351 [main] BaseClass - Verification of Refund Dispute raised Successfully.
[INFO ] 2023-06-07 11:59:18.510 [main] BaseClass - Agent logged in Successfully.
[INFO ] 2023-06-07 11:59:22.304 [main] BaseClass - Open disputes page.
[INFO ] 2023-06-07 11:59:28.607 [main] BaseClass - Clicked on show disputes.
[INFO ] 2023-06-07 11:59:31.761 [main] BaseClass - Dispute Accepted.
[INFO ] 2023-06-07 11:59:39.049 [main] BaseClass - Dispute send.
[INFO ] 2023-06-07 11:59:47.286 [main] BaseClass - Verification of Refund Dispute acceptance is successed.
[INFO ] 2023-06-07 11:59:55.836 [main] BaseClass - client logged in Successfully.
[INFO ] 2023-06-07 11:59:59.102 [main] BaseClass - Product name is entered.
[INFO ] 2023-06-07 12:00:01.176 [main] BaseClass - Clicked on first div.
[INFO ] 2023-06-07 12:00:06.525 [main] BaseClass - Customer got wrong product option selected.
[INFO ] 2023-06-07 12:00:06.705 [main] BaseClass - Resend dispute option is selected.
[INFO ] 2023-06-07 12:00:09.891 [main] BaseClass - Verification of not reopening of Dispute for refund is successed.
[INFO ] 2023-06-07 12:27:04.007 [main] BaseClass - Application Opened.
[INFO ] 2023-06-07 12:27:05.096 [main] BaseClass - Email_id is entered.
[INFO ] 2023-06-07 12:27:06.182 [main] BaseClass - Password is entered.
[INFO ] 2023-06-07 12:27:20.041 [main] BaseClass - Product name entered.
[INFO ] 2023-06-07 12:28:00.604 [main] BaseClass - Application Opened.
[INFO ] 2023-06-07 12:28:01.699 [main] BaseClass - Email_id is entered.
[INFO ] 2023-06-07 12:28:02.823 [main] BaseClass - Password is entered.
[INFO ] 2023-06-07 12:28:16.530 [main] BaseClass - Product name entered.
[INFO ] 2023-06-07 12:28:20.974 [main] BaseClass - Price entered
[INFO ] 2023-06-07 12:28:35.152 [main] BaseClass - Verification of Submit quotation Successed..
[INFO ] 2023-06-07 12:28:38.325 [main] BaseClass - Email_id is entered.
[INFO ] 2023-06-07 12:28:38.404 [main] BaseClass - Password is entered.
[INFO ] 2023-06-07 12:29:01.765 [main] BaseClass - Verification of accepting quotation is Successed.
[INFO ] 2023-06-07 12:29:10.412 [main] BaseClass - client logged in Successfully.
[INFO ] 2023-06-07 12:29:12.870 [main] BaseClass - Product name is entered.
[INFO ] 2023-06-07 12:29:18.112 [main] BaseClass - Processing filter selected.
[INFO ] 2023-06-07 12:29:18.202 [main] BaseClass - Clicked on first div.
[INFO ] 2023-06-07 12:29:24.316 [main] BaseClass - Clicked on Open dispute button.
[INFO ] 2023-06-07 12:29:24.452 [main] BaseClass - Customer got wrong product option selected.
[INFO ] 2023-06-07 12:29:24.642 [main] BaseClass - I want the order to be shipped immediately option is selected.
[INFO ] 2023-06-07 12:29:27.945 [main] BaseClass - Queries entered in text fields.
[INFO ] 2023-06-07 12:29:33.051 [main] BaseClass - Clicked on Saved dispute.
[INFO ] 2023-06-07 12:29:33.359 [main] BaseClass - Verification of Dispute raised Successfully.
[INFO ] 2023-06-07 12:29:36.820 [main] BaseClass - Agent logged in Successfully.
[INFO ] 2023-06-07 12:29:43.337 [main] BaseClass - Open disputes page.
[INFO ] 2023-06-07 12:29:49.553 [main] BaseClass - Clicked on show disputes.
[INFO ] 2023-06-07 12:29:52.688 [main] BaseClass - Dispute Declined Status selected from dropdown.
[INFO ] 2023-06-07 12:29:59.924 [main] BaseClass - Dispute send.
[INFO ] 2023-06-07 12:30:05.216 [main] BaseClass - Verification of Dispute rejection is successed.
[INFO ] 2023-06-07 12:30:08.701 [main] BaseClass - Agent logged in Successfully.
[INFO ] 2023-06-07 12:30:13.521 [main] BaseClass - Clicked on orders tab.
[INFO ] 2023-06-07 12:30:27.970 [main] BaseClass - Processing filter selected.
[INFO ] 2023-06-07 12:30:31.204 [main] BaseClass - Clicked on cancel order.
[INFO ] 2023-06-07 12:30:35.322 [main] BaseClass - Clicked on first checkbox.
[INFO ] 2023-06-07 12:30:38.402 [main] BaseClass - Clicked on Submit order.
[INFO ] 2023-06-07 12:30:52.137 [main] BaseClass - client logged in Successfully.
[INFO ] 2023-06-07 12:30:55.291 [main] BaseClass - Product name is entered.
[INFO ] 2023-06-07 12:31:00.545 [main] BaseClass - Processing filter selected.
[INFO ] 2023-06-07 12:31:00.662 [main] BaseClass - Clicked on first div.
[INFO ] 2023-06-07 12:31:06.819 [main] BaseClass - Clicked on Open dispute button.
[INFO ] 2023-06-07 12:31:06.956 [main] BaseClass - Customer got wrong product option selected.
[INFO ] 2023-06-07 12:31:07.134 [main] BaseClass - I want the order to be shipped immediately option is selected.
[INFO ] 2023-06-07 12:31:10.378 [main] BaseClass - Queries entered in text fields.
[INFO ] 2023-06-07 12:31:15.504 [main] BaseClass - Clicked on Saved dispute.
[INFO ] 2023-06-07 12:31:15.794 [main] BaseClass - Verification of Dispute raised Successfully.
[INFO ] 2023-06-07 12:31:19.090 [main] BaseClass - Agent logged in Successfully.
[INFO ] 2023-06-07 12:31:23.300 [main] BaseClass - Open disputes page.
[INFO ] 2023-06-07 12:31:29.542 [main] BaseClass - Clicked on show disputes.
[INFO ] 2023-06-07 12:31:32.699 [main] BaseClass - Dispute Accepted.
[INFO ] 2023-06-07 12:31:39.922 [main] BaseClass - Dispute send.
[INFO ] 2023-06-07 12:31:48.167 [main] BaseClass - Verification of Dispute acceptance is successfull.
[INFO ] 2023-06-07 12:39:09.519 [main] BaseClass - Clicked on Saved dispute.
[INFO ] 2023-06-07 12:39:09.880 [main] BaseClass - Verification of Declined Dispute reopen Successfully.
[INFO ] 2023-06-07 12:39:23.601 [main] BaseClass - Clicked on Saved dispute.
[INFO ] 2023-06-07 12:39:23.832 [main] BaseClass - Verification of Declined Dispute reopen Successfully.
[INFO ] 2023-06-07 13:09:19.877 [main] BaseClass - Clicked on Saved dispute.
[INFO ] 2023-06-07 13:09:20.227 [main] BaseClass - Verification of Declined Dispute reopen Successfully.
[INFO ] 2023-06-07 13:09:33.843 [main] BaseClass - Clicked on Saved dispute.
[INFO ] 2023-06-07 13:09:34.105 [main] BaseClass - Verification of Declined Dispute reopen Successfully.
[INFO ] 2023-06-07 13:12:45.458 [main] BaseClass - Clicked on Saved dispute.
[INFO ] 2023-06-07 13:12:45.799 [main] BaseClass - Verification of Declined Dispute reopen Successfully.
[INFO ] 2023-06-07 13:12:59.506 [main] BaseClass - Clicked on Saved dispute.
[INFO ] 2023-06-07 13:12:59.770 [main] BaseClass - Verification of Declined Dispute reopen Successfully.
[INFO ] 2023-06-07 13:26:49.241 [main] BaseClass - Application Opened.
[INFO ] 2023-06-07 13:26:50.329 [main] BaseClass - Email_id is entered.
[INFO ] 2023-06-07 13:26:51.427 [main] BaseClass - Password is entered.
[INFO ] 2023-06-07 13:27:05.077 [main] BaseClass - Product name entered.
[INFO ] 2023-06-07 13:27:09.490 [main] BaseClass - Price entered
[INFO ] 2023-06-07 13:27:23.711 [main] BaseClass - Verification of Submit quotation Successed..
[INFO ] 2023-06-07 13:27:26.897 [main] BaseClass - Email_id is entered.
[INFO ] 2023-06-07 13:27:26.976 [main] BaseClass - Password is entered.
[INFO ] 2023-06-07 13:27:50.082 [main] BaseClass - Verification of accepting quotation is Successed.
[INFO ] 2023-06-07 13:27:58.647 [main] BaseClass - client logged in Successfully.
[INFO ] 2023-06-07 13:28:01.472 [main] BaseClass - Product name is entered.
[INFO ] 2023-06-07 13:28:06.733 [main] BaseClass - Processing filter selected.
[INFO ] 2023-06-07 13:28:06.830 [main] BaseClass - Clicked on first div.
[INFO ] 2023-06-07 13:28:12.989 [main] BaseClass - Clicked on Open dispute button.
[INFO ] 2023-06-07 13:28:13.133 [main] BaseClass - Customer got wrong product option selected.
[INFO ] 2023-06-07 13:28:13.317 [main] BaseClass - I want the order to be shipped immediately option is selected.
[INFO ] 2023-06-07 13:28:16.626 [main] BaseClass - Queries entered in text fields.
[INFO ] 2023-06-07 13:28:21.730 [main] BaseClass - Clicked on Saved dispute.
[INFO ] 2023-06-07 13:28:22.034 [main] BaseClass - Verification of Dispute raised Successfully.
[INFO ] 2023-06-07 13:28:25.478 [main] BaseClass - Agent logged in Successfully.
[INFO ] 2023-06-07 13:28:32.064 [main] BaseClass - Open disputes page.
[INFO ] 2023-06-07 13:28:38.299 [main] BaseClass - Clicked on show disputes.
[INFO ] 2023-06-07 13:28:41.431 [main] BaseClass - Dispute Declined Status selected from dropdown.
[INFO ] 2023-06-07 13:28:48.631 [main] BaseClass - Dispute send.
[INFO ] 2023-06-07 13:28:53.854 [main] BaseClass - Verification of Dispute rejection is successed.
[INFO ] 2023-06-07 13:28:57.210 [main] BaseClass - Agent logged in Successfully.
[INFO ] 2023-06-07 13:29:02.523 [main] BaseClass - Clicked on orders tab.
[INFO ] 2023-06-07 13:29:16.940 [main] BaseClass - Processing filter selected.
[INFO ] 2023-06-07 13:29:20.194 [main] BaseClass - Clicked on cancel order.
[INFO ] 2023-06-07 13:29:24.300 [main] BaseClass - Clicked on first checkbox.
[INFO ] 2023-06-07 13:29:27.378 [main] BaseClass - Clicked on Submit order.
[INFO ] 2023-06-07 13:29:30.762 [main] BaseClass - Verification of cancel one variant is Successed.
[INFO ] 2023-06-07 13:29:39.546 [main] BaseClass - client logged in Successfully.
[INFO ] 2023-06-07 13:29:42.381 [main] BaseClass - Product name is entered.
[INFO ] 2023-06-07 13:29:47.623 [main] BaseClass - Processing filter selected.
[INFO ] 2023-06-07 13:29:47.714 [main] BaseClass - Clicked on first div.
[INFO ] 2023-06-07 13:29:53.837 [main] BaseClass - Clicked on Open dispute button.
[INFO ] 2023-06-07 13:29:53.965 [main] BaseClass - Customer got wrong product option selected.
[INFO ] 2023-06-07 13:29:54.138 [main] BaseClass - I want the order to be shipped immediately option is selected.
[INFO ] 2023-06-07 13:29:57.430 [main] BaseClass - Queries entered in text fields.
[INFO ] 2023-06-07 13:30:02.520 [main] BaseClass - Clicked on Saved dispute.
[INFO ] 2023-06-07 13:30:02.810 [main] BaseClass - Verification of Dispute raised Successfully.
[INFO ] 2023-06-07 13:30:06.185 [main] BaseClass - Agent logged in Successfully.
[INFO ] 2023-06-07 13:30:10.409 [main] BaseClass - Open disputes page.
[INFO ] 2023-06-07 13:30:16.680 [main] BaseClass - Clicked on show disputes.
[INFO ] 2023-06-07 13:30:19.832 [main] BaseClass - Dispute Accepted.
[INFO ] 2023-06-07 13:30:27.143 [main] BaseClass - Dispute send.
[INFO ] 2023-06-07 13:30:35.384 [main] BaseClass - Verification of Dispute acceptance is successfull.
[INFO ] 2023-06-07 13:31:05.464 [main] BaseClass - Clicked on Saved dispute.
[INFO ] 2023-06-07 13:31:05.719 [main] BaseClass - Verification of Declined Dispute reopen Successfully.
[INFO ] 2023-06-07 13:31:19.595 [main] BaseClass - Clicked on Saved dispute.
[INFO ] 2023-06-07 13:31:19.850 [main] BaseClass - Verification of Declined Dispute reopen Successfully.
[INFO ] 2023-06-07 14:47:05.299 [main] BaseClass - Verification of Dispute acceptance is successfull.
